c:\users\gvozd\source\repos\fobot\fobot\x64\debug\fobot.vcxproj.assemblyreference.cache
c:\users\gvozd\source\repos\fobot\fobot\x64\debug\fobot.vcxproj.suggestedbindingredirects.cache
c:\users\gvozd\source\repos\fobot\fobot\x64\debug\.netframework,version=v4.7.2.assemblyattributes.obj
c:\users\gvozd\source\repos\fobot\fobot\x64\debug\klapanproperty.obj
c:\users\gvozd\source\repos\fobot\fobot\x64\debug\klapansprav.obj
c:\users\gvozd\source\repos\fobot\fobot\x64\debug\lpgproperty.obj
c:\users\gvozd\source\repos\fobot\fobot\x64\debug\main1.obj
c:\users\gvozd\source\repos\fobot\fobot\x64\debug\main2.obj
c:\users\gvozd\source\repos\fobot\fobot\x64\debug\materialproperty.obj
c:\users\gvozd\source\repos\fobot\fobot\x64\debug\materialpropertymain.obj
c:\users\gvozd\source\repos\fobot\fobot\x64\debug\materialreference.obj
c:\users\gvozd\source\repos\fobot\fobot\x64\debug\materialreferencemain.obj
c:\users\gvozd\source\repos\fobot\fobot\x64\debug\options.obj
c:\users\gvozd\source\repos\fobot\fobot\x64\debug\procformwin.obj
c:\users\gvozd\source\repos\fobot\fobot\x64\debug\sourcedata.obj
c:\users\gvozd\source\repos\fobot\fobot\x64\debug\sourceklap.obj
c:\users\gvozd\source\repos\fobot\fobot\x64\debug\sourcemat.obj
c:\users\gvozd\source\repos\fobot\fobot\x64\debug\sourcesug.obj
c:\users\gvozd\source\repos\fobot\fobot\x64\debug\sourcetank.obj
c:\users\gvozd\source\repos\fobot\fobot\x64\debug\sugsprwin.obj
c:\users\gvozd\source\repos\fobot\fobot\x64\debug\tankproperty.obj
c:\users\gvozd\source\repos\fobot\fobot\x64\debug\tankreference.obj
c:\users\gvozd\source\repos\fobot\fobot\x64\debug\vc143.pdb
c:\users\gvozd\source\repos\fobot\fobot\x64\debug\fobot.tlog\cl.command.1.tlog
c:\users\gvozd\source\repos\fobot\fobot\x64\debug\fobot.tlog\metagen.write.1.tlog
